<?xml version="1.0" encoding="UTF-8"?>
<!-- Generated by org.testng.reporters.JUnitReportReporter -->
<testsuite hostname="GGN000143907001" name="org.demo.demo2.mix1" tests="1" failures="0" timestamp="9 May 2016 08:58:35 GMT" time="60.390" errors="0">
  <testcase name="main" time="60.390" classname="org.demo.demo2.mix1"/>
</testsuite> <!-- org.demo.demo2.mix1 -->
