<?xml version="1.0" encoding="UTF-8"?>
<!-- Generated by org.testng.reporters.JUnitReportReporter -->
<testsuite hostname="GGN000143907001" name="org.demo.demo2.mix" tests="1" failures="0" timestamp="9 May 2016 08:49:16 GMT" time="0.982" errors="0">
  <testcase name="main" time="0.982" classname="org.demo.demo2.mix"/>
</testsuite> <!-- org.demo.demo2.mix -->
